2026-04-19 16:50:03.155 [info] [Error - 4:50:03 PM] Server process exited with signal SIGTERM.
2026-04-19 16:50:45.536 [info] [Error - 4:50:45 PM] Server process exited with signal SIGTERM.
2026-04-19 16:55:27.363 [info] ERROR:pygls.protocol.json_rpc:Failed to handle request 197 completionItem/resolve CompletionItem(label='age', label_details=None, kind=<CompletionItemKind.Text: 1>, tags=None, detail=None, documentation=None, deprecated=None, preselect=None, sort_text='v0', filter_text='age', insert_text='age', insert_text_format=<InsertTextFormat.PlainText: 1>, insert_text_mode=None, text_edit=None, text_edit_text=None, additional_text_edits=None, commit_characters=None, command=None, data=None)
Traceback (most recent call last):
  File "/home/lkvinh/.vscode-oss/extensions/ms-python.python-2026.4.0-universal/python_files/lib/jedilsp/pygls/protocol/json_rpc.py", line 266, in _handle_request
    self._execute_request(msg_id, handler, params)
    ~~~~~~~~~~~~~~~~~~~~~^^^^^^^^^^^^^^^^^^^^^^^^^
  File "/home/lkvinh/.vscode-oss/extensions/ms-python.python-2026.4.0-universal/python_files/lib/jedilsp/pygls/protocol/json_rpc.py", line 188, in _execute_request
    self._send_response(msg_id, handler(params))
                                ~~~~~~~^^^^^^^^
  File "/home/lkvinh/.vscode-oss/extensions/ms-python.python-2026.4.0-universal/python_files/lib/jedilsp/jedi_language_server/server.py", line 262, in completion_item_resolve
    return jedi_utils.lsp_completion_item_resolve(
           ~~~~~~~~~~~~~~~~~~~~~~~~~~~~~~~~~~~~~~^
        params, markup_kind=markup_kind
        ^^^^^^^^^^^^^^^^^^^^^^^^^^^^^^^
    )
    ^
  File "/home/lkvinh/.vscode-oss/extensions/ms-python.python-2026.4.0-universal/python_files/lib/jedilsp/jedi_language_server/jedi_utils.py", line 710, in lsp_completion_item_resolve
    completion = _MOST_RECENT_COMPLETIONS[item.label]
                 ~~~~~~~~~~~~~~~~~~~~~~~~^^^^^^^^^^^^
KeyError: 'age'

2026-04-19 16:55:27.365 [info] [Error - 4:55:27 PM] Request completionItem/resolve failed.
2026-04-19 16:55:27.365 [info]   Message: KeyError: 'age'
  Code: -32603 
[object Object]
2026-04-19 16:55:27.843 [info] ERROR:pygls.protocol.json_rpc:Failed to handle request 201 completionItem/resolve CompletionItem(label='name', label_details=None, kind=<CompletionItemKind.Text: 1>, tags=None, detail=None, documentation=None, deprecated=None, preselect=None, sort_text='v1', filter_text='name', insert_text='name', insert_text_format=<InsertTextFormat.PlainText: 1>, insert_text_mode=None, text_edit=None, text_edit_text=None, additional_text_edits=None, commit_characters=None, command=None, data=None)
Traceback (most recent call last):
  File "/home/lkvinh/.vscode-oss/extensions/ms-python.python-2026.4.0-universal/python_files/lib/jedilsp/pygls/protocol/json_rpc.py", line 266, in _handle_request
    self._execute_request(msg_id, handler, params)
    ~~~~~~~~~~~~~~~~~~~~~^^^^^^^^^^^^^^^^^^^^^^^^^
  File "/home/lkvinh/.vscode-oss/extensions/ms-python.python-2026.4.0-universal/python_files/lib/jedilsp/pygls/protocol/json_rpc.py", line 188, in _execute_request
    self._send_response(msg_id, handler(params))
                                ~~~~~~~^^^^^^^^
  File "/home/lkvinh/.vscode-oss/extensions/ms-python.python-2026.4.0-universal/python_files/lib/jedilsp/jedi_language_server/server.py", line 262, in completion_item_resolve
    return jedi_utils.lsp_completion_item_resolve(
           ~~~~~~~~~~~~~~~~~~~~~~~~~~~~~~~~~~~~~~^
        params, markup_kind=markup_kind
        ^^^^^^^^^^^^^^^^^^^^^^^^^^^^^^^
    )
    ^
  File "/home/lkvinh/.vscode-oss/extensions/ms-python.python-2026.4.0-universal/python_files/lib/jedilsp/jedi_language_server/jedi_utils.py", line 710, in lsp_completion_item_resolve
    completion = _MOST_RECENT_COMPLETIONS[item.label]
                 ~~~~~~~~~~~~~~~~~~~~~~~~^^^^^^^^^^^^
KeyError: 'name'

2026-04-19 16:55:27.845 [info] [Error - 4:55:27 PM] Request completionItem/resolve failed.
2026-04-19 16:55:27.845 [info]   Message: KeyError: 'name'
  Code: -32603 
[object Object]
2026-04-19 16:56:17.990 [info] WARNING:pygls.protocol.json_rpc:Cancel notification for unknown message id "270"

2026-04-19 16:56:38.763 [info] WARNING:pygls.protocol.json_rpc:Cancel notification for unknown message id "333"

2026-04-19 16:56:41.656 [info] WARNING:pygls.protocol.json_rpc:Cancel notification for unknown message id "356"

2026-04-19 16:57:52.332 [info] WARNING:pygls.protocol.json_rpc:Cancel notification for unknown message id "440"

