2026-04-19 16:39:52.023 [info] Python-envs extension version: 1.28.0
2026-04-19 16:39:52.023 [info] 
=== Python Envs Configuration Levels ===
2026-04-19 16:39:52.023 [info] {
  "section": "Python Envs Configuration Levels",
  "defaultEnvManager": {
    "workspaceFolderValue": "undefined",
    "workspaceValue": "undefined",
    "globalValue": "undefined",
    "defaultValue": "ms-python.python:venv"
  },
  "defaultPackageManager": {
    "workspaceFolderValue": "undefined",
    "workspaceValue": "undefined",
    "globalValue": "undefined",
    "defaultValue": "ms-python.python:pip"
  }
}
2026-04-19 16:39:52.023 [info] [pet] Starting Python Locator /home/lkvinh/.vscode-oss/extensions/ms-python.python-2026.4.0-universal/python-env-tools/bin/pet server
2026-04-19 16:39:52.023 [info] Registering pyenv manager (environments will be discovered lazily)
2026-04-19 16:39:52.023 [info] Registering pipenv manager (environments will be discovered lazily)
2026-04-19 16:39:52.023 [info] Registering poetry manager (environments will be discovered lazily)
2026-04-19 16:39:52.023 [error] [pet] Process error: A system error occurred (spawn /home/lkvinh/.vscode-oss/extensions/ms-python.python-2026.4.0-universal/python-env-tools/bin/pet ENOENT)
2026-04-19 16:39:52.023 [warning] [pet] Restarting Python Environment Tools (attempt 1/3, waiting 1000ms)
2026-04-19 16:39:53.024 [info] [pet] Starting Python Locator /home/lkvinh/.vscode-oss/extensions/ms-python.python-2026.4.0-universal/python-env-tools/bin/pet server
2026-04-19 16:39:53.024 [info] [pet] Python Environment Tools restarted successfully
2026-04-19 16:39:53.026 [info] [pet] configure: Sending configuration update: {"workspaceDirectories":["/home/lkvinh/kienvinh"],"environmentDirectories":["/home/lkvinh/kienvinh/.venv","/home/lkvinh/kienvinh/*/.venv"],"pipenvExecutable":"pipenv","poetryExecutable":"poetry","cacheDirectory":"/home/lkvinh/.config/Code - OSS/User/globalStorage/ms-python.vscode-python-envs/pythonLocator"}
2026-04-19 16:39:53.027 [error] [pet] Process error: A system error occurred (spawn /home/lkvinh/.vscode-oss/extensions/ms-python.python-2026.4.0-universal/python-env-tools/bin/pet ENOENT)
2026-04-19 16:40:23.026 [warning] [pet] Configure request timed out (attempt 1/2), will retry on next request without killing process
2026-04-19 16:40:23.027 [error] [pet] Error refreshing Request 'configure' timed out after 30000ms
2026-04-19 16:40:23.027 [warning] [pet] Restarting Python Environment Tools (attempt 2/3, waiting 2000ms)
2026-04-19 16:40:23.027 [info] Conda not found, turning off conda features. [b: Request 'configure' timed out after 30000ms
	at Timeout.<anonymous> (/home/lkvinh/.vscode-oss/extensions/ms-python.vscode-python-envs-1.28.0-universal/dist/extension.js:2:549906)
	at listOnTimeout (node:internal/timers:588:17)
	at process.processTimers (node:internal/timers:523:7)] {
  method: 'configure'
}
2026-04-19 16:40:23.028 [info] [interpreterSelection] Applying initial environment selection for 1 workspace folder(s)
2026-04-19 16:40:25.029 [info] [pet] Starting Python Locator /home/lkvinh/.vscode-oss/extensions/ms-python.python-2026.4.0-universal/python-env-tools/bin/pet server
2026-04-19 16:40:25.029 [info] [pet] Python Environment Tools restarted successfully
2026-04-19 16:40:25.030 [info] [pet] configure: Sending configuration update: {"workspaceDirectories":["/home/lkvinh/kienvinh"],"environmentDirectories":["/home/lkvinh/kienvinh/.venv","/home/lkvinh/kienvinh/*/.venv"],"pipenvExecutable":"pipenv","poetryExecutable":"poetry","cacheDirectory":"/home/lkvinh/.config/Code - OSS/User/globalStorage/ms-python.vscode-python-envs/pythonLocator"}
2026-04-19 16:40:25.030 [error] [pet] Process error: A system error occurred (spawn /home/lkvinh/.vscode-oss/extensions/ms-python.python-2026.4.0-universal/python-env-tools/bin/pet ENOENT)
2026-04-19 16:40:55.030 [warning] [pet] Configure request timed out (attempt 1/2), will retry on next request without killing process
2026-04-19 16:40:55.030 [error] [pet] Error refreshing Request 'configure' timed out after 30000ms
2026-04-19 16:40:55.031 [error] [venv] Background initialization failed: [b: Request 'configure' timed out after 30000ms
	at Timeout.<anonymous> (/home/lkvinh/.vscode-oss/extensions/ms-python.vscode-python-envs-1.28.0-universal/dist/extension.js:2:549906)
	at listOnTimeout (node:internal/timers:588:17)
	at process.processTimers (node:internal/timers:523:7)] {
  method: 'configure'
}
2026-04-19 16:40:55.032 [warning] [pet] Restarting Python Environment Tools (attempt 3/3, waiting 4000ms)
2026-04-19 16:40:59.037 [info] [pet] Starting Python Locator /home/lkvinh/.vscode-oss/extensions/ms-python.python-2026.4.0-universal/python-env-tools/bin/pet server
2026-04-19 16:40:59.037 [info] [pet] Python Environment Tools restarted successfully
2026-04-19 16:40:59.038 [info] [pet] configure: Sending configuration update: {"workspaceDirectories":["/home/lkvinh/kienvinh"],"environmentDirectories":["/home/lkvinh/kienvinh/.venv","/home/lkvinh/kienvinh/*/.venv"],"pipenvExecutable":"pipenv","poetryExecutable":"poetry","cacheDirectory":"/home/lkvinh/.config/Code - OSS/User/globalStorage/ms-python.vscode-python-envs/pythonLocator"}
2026-04-19 16:40:59.038 [error] [pet] Process error: A system error occurred (spawn /home/lkvinh/.vscode-oss/extensions/ms-python.python-2026.4.0-universal/python-env-tools/bin/pet ENOENT)
2026-04-19 16:41:29.041 [warning] [pet] Configure request timed out (attempt 1/2), will retry on next request without killing process
2026-04-19 16:41:29.041 [error] [pet] Error refreshing Request 'configure' timed out after 30000ms
2026-04-19 16:41:29.042 [error] [system] Background initialization failed: [b: Request 'configure' timed out after 30000ms
	at Timeout.<anonymous> (/home/lkvinh/.vscode-oss/extensions/ms-python.vscode-python-envs-1.28.0-universal/dist/extension.js:2:549906)
	at listOnTimeout (node:internal/timers:588:17)
	at process.processTimers (node:internal/timers:523:7)] {
  method: 'configure'
}
2026-04-19 16:41:29.042 [info] [SYS_GET] uri=/home/lkvinh/kienvinh, normalizedKey=/home/lkvinh/kienvinh, project=/home/lkvinh/kienvinh, projectKey=/home/lkvinh/kienvinh, mapKeys=[], directHit=false, projectHit=false, fallbackToGlobal=true, globalEnv=none
2026-04-19 16:41:29.043 [error] [venv] Background initialization failed: [Error: Python Environment Tools (PET) failed after 3 restart attempts. Please reload the window or check the output channel for details. To debug, run "Python Environments: Run Python Environment Tool (PET) in Terminal" from the Command Palette.
	at T.ensureProcessRunning (/home/lkvinh/.vscode-oss/extensions/ms-python.vscode-python-envs-1.28.0-universal/dist/extension.js:2:551199)
	at T.doRefreshAttempt (/home/lkvinh/.vscode-oss/extensions/ms-python.vscode-python-envs-1.28.0-universal/dist/extension.js:2:556419)
	at T.doRefresh (/home/lkvinh/.vscode-oss/extensions/ms-python.vscode-python-envs-1.28.0-universal/dist/extension.js:2:555976)
	at c.workerFunc (/home/lkvinh/.vscode-oss/extensions/ms-python.vscode-python-envs-1.28.0-universal/dist/extension.js:2:550424)
	at o.workFunc (/home/lkvinh/.vscode-oss/extensions/ms-python.vscode-python-envs-1.28.0-universal/dist/extension.js:2:292774)
	at o.start (/home/lkvinh/.vscode-oss/extensions/ms-python.vscode-python-envs-1.28.0-universal/dist/extension.js:2:291589)]
2026-04-19 16:41:29.044 [error] [venv] Background initialization failed: [Error: Python Environment Tools (PET) failed after 3 restart attempts. Please reload the window or check the output channel for details. To debug, run "Python Environments: Run Python Environment Tool (PET) in Terminal" from the Command Palette.
	at T.ensureProcessRunning (/home/lkvinh/.vscode-oss/extensions/ms-python.vscode-python-envs-1.28.0-universal/dist/extension.js:2:551199)
	at T.doRefreshAttempt (/home/lkvinh/.vscode-oss/extensions/ms-python.vscode-python-envs-1.28.0-universal/dist/extension.js:2:556419)
	at T.doRefresh (/home/lkvinh/.vscode-oss/extensions/ms-python.vscode-python-envs-1.28.0-universal/dist/extension.js:2:555976)
	at c.workerFunc (/home/lkvinh/.vscode-oss/extensions/ms-python.vscode-python-envs-1.28.0-universal/dist/extension.js:2:550424)
	at o.workFunc (/home/lkvinh/.vscode-oss/extensions/ms-python.vscode-python-envs-1.28.0-universal/dist/extension.js:2:292774)
	at o.start (/home/lkvinh/.vscode-oss/extensions/ms-python.vscode-python-envs-1.28.0-universal/dist/extension.js:2:291589)]
2026-04-19 16:41:29.046 [info] [interpreterSelection] kienvinh: none (source: autoDiscovery)
2026-04-19 16:41:29.046 [error] [interpreterSelection] Failed to set global environment: Error: Python Environment Tools (PET) failed after 3 restart attempts. Please reload the window or check the output channel for details. To debug, run "Python Environments: Run Python Environment Tool (PET) in Terminal" from the Command Palette.
2026-04-19 16:41:29.048 [error] [venv] Background initialization failed: [Error: Python Environment Tools (PET) failed after 3 restart attempts. Please reload the window or check the output channel for details. To debug, run "Python Environments: Run Python Environment Tool (PET) in Terminal" from the Command Palette.
	at T.ensureProcessRunning (/home/lkvinh/.vscode-oss/extensions/ms-python.vscode-python-envs-1.28.0-universal/dist/extension.js:2:551199)
	at T.doRefreshAttempt (/home/lkvinh/.vscode-oss/extensions/ms-python.vscode-python-envs-1.28.0-universal/dist/extension.js:2:556419)
	at T.doRefresh (/home/lkvinh/.vscode-oss/extensions/ms-python.vscode-python-envs-1.28.0-universal/dist/extension.js:2:555976)
	at c.workerFunc (/home/lkvinh/.vscode-oss/extensions/ms-python.vscode-python-envs-1.28.0-universal/dist/extension.js:2:550424)
	at o.workFunc (/home/lkvinh/.vscode-oss/extensions/ms-python.vscode-python-envs-1.28.0-universal/dist/extension.js:2:292774)
	at o.start (/home/lkvinh/.vscode-oss/extensions/ms-python.vscode-python-envs-1.28.0-universal/dist/extension.js:2:291589)]
2026-04-19 16:41:29.049 [error] [venv] Background initialization failed: [Error: Python Environment Tools (PET) failed after 3 restart attempts. Please reload the window or check the output channel for details. To debug, run "Python Environments: Run Python Environment Tool (PET) in Terminal" from the Command Palette.
	at T.ensureProcessRunning (/home/lkvinh/.vscode-oss/extensions/ms-python.vscode-python-envs-1.28.0-universal/dist/extension.js:2:551199)
	at T.doRefreshAttempt (/home/lkvinh/.vscode-oss/extensions/ms-python.vscode-python-envs-1.28.0-universal/dist/extension.js:2:556419)
	at T.doRefresh (/home/lkvinh/.vscode-oss/extensions/ms-python.vscode-python-envs-1.28.0-universal/dist/extension.js:2:555976)
	at c.workerFunc (/home/lkvinh/.vscode-oss/extensions/ms-python.vscode-python-envs-1.28.0-universal/dist/extension.js:2:550424)
	at o.workFunc (/home/lkvinh/.vscode-oss/extensions/ms-python.vscode-python-envs-1.28.0-universal/dist/extension.js:2:292774)
	at o.start (/home/lkvinh/.vscode-oss/extensions/ms-python.vscode-python-envs-1.28.0-universal/dist/extension.js:2:291589)]
2026-04-19 16:41:29.050 [error] [venv] Background initialization failed: [Error: Python Environment Tools (PET) failed after 3 restart attempts. Please reload the window or check the output channel for details. To debug, run "Python Environments: Run Python Environment Tool (PET) in Terminal" from the Command Palette.
	at T.ensureProcessRunning (/home/lkvinh/.vscode-oss/extensions/ms-python.vscode-python-envs-1.28.0-universal/dist/extension.js:2:551199)
	at T.doRefreshAttempt (/home/lkvinh/.vscode-oss/extensions/ms-python.vscode-python-envs-1.28.0-universal/dist/extension.js:2:556419)
	at T.doRefresh (/home/lkvinh/.vscode-oss/extensions/ms-python.vscode-python-envs-1.28.0-universal/dist/extension.js:2:555976)
	at c.workerFunc (/home/lkvinh/.vscode-oss/extensions/ms-python.vscode-python-envs-1.28.0-universal/dist/extension.js:2:550424)
	at o.workFunc (/home/lkvinh/.vscode-oss/extensions/ms-python.vscode-python-envs-1.28.0-universal/dist/extension.js:2:292774)
	at o.start (/home/lkvinh/.vscode-oss/extensions/ms-python.vscode-python-envs-1.28.0-universal/dist/extension.js:2:291589)]
2026-04-19 16:41:29.050 [error] [venv] Background initialization failed: [Error: Python Environment Tools (PET) failed after 3 restart attempts. Please reload the window or check the output channel for details. To debug, run "Python Environments: Run Python Environment Tool (PET) in Terminal" from the Command Palette.
	at T.ensureProcessRunning (/home/lkvinh/.vscode-oss/extensions/ms-python.vscode-python-envs-1.28.0-universal/dist/extension.js:2:551199)
	at T.doRefreshAttempt (/home/lkvinh/.vscode-oss/extensions/ms-python.vscode-python-envs-1.28.0-universal/dist/extension.js:2:556419)
	at T.doRefresh (/home/lkvinh/.vscode-oss/extensions/ms-python.vscode-python-envs-1.28.0-universal/dist/extension.js:2:555976)
	at c.workerFunc (/home/lkvinh/.vscode-oss/extensions/ms-python.vscode-python-envs-1.28.0-universal/dist/extension.js:2:550424)
	at o.workFunc (/home/lkvinh/.vscode-oss/extensions/ms-python.vscode-python-envs-1.28.0-universal/dist/extension.js:2:292774)
	at o.start (/home/lkvinh/.vscode-oss/extensions/ms-python.vscode-python-envs-1.28.0-universal/dist/extension.js:2:291589)]
2026-04-19 16:41:29.052 [info] Refreshing pyenv environments
2026-04-19 16:41:29.053 [error] Pyenv lazy initialization failed [Error: Python Environment Tools (PET) failed after 3 restart attempts. Please reload the window or check the output channel for details. To debug, run "Python Environments: Run Python Environment Tool (PET) in Terminal" from the Command Palette.
	at T.ensureProcessRunning (/home/lkvinh/.vscode-oss/extensions/ms-python.vscode-python-envs-1.28.0-universal/dist/extension.js:2:551199)
	at T.doRefreshAttempt (/home/lkvinh/.vscode-oss/extensions/ms-python.vscode-python-envs-1.28.0-universal/dist/extension.js:2:556419)
	at T.doRefresh (/home/lkvinh/.vscode-oss/extensions/ms-python.vscode-python-envs-1.28.0-universal/dist/extension.js:2:555976)
	at c.workerFunc (/home/lkvinh/.vscode-oss/extensions/ms-python.vscode-python-envs-1.28.0-universal/dist/extension.js:2:550424)
	at o.workFunc (/home/lkvinh/.vscode-oss/extensions/ms-python.vscode-python-envs-1.28.0-universal/dist/extension.js:2:292774)
	at o.start (/home/lkvinh/.vscode-oss/extensions/ms-python.vscode-python-envs-1.28.0-universal/dist/extension.js:2:291589)]
2026-04-19 16:41:29.054 [info] Pipenv not found via settings, cache, or PATH
2026-04-19 16:41:29.055 [info] Refreshing pipenv environments
2026-04-19 16:41:29.056 [error] Pipenv lazy initialization failed [Error: Python Environment Tools (PET) failed after 3 restart attempts. Please reload the window or check the output channel for details. To debug, run "Python Environments: Run Python Environment Tool (PET) in Terminal" from the Command Palette.
	at T.ensureProcessRunning (/home/lkvinh/.vscode-oss/extensions/ms-python.vscode-python-envs-1.28.0-universal/dist/extension.js:2:551199)
	at T.doRefreshAttempt (/home/lkvinh/.vscode-oss/extensions/ms-python.vscode-python-envs-1.28.0-universal/dist/extension.js:2:556419)
	at T.doRefresh (/home/lkvinh/.vscode-oss/extensions/ms-python.vscode-python-envs-1.28.0-universal/dist/extension.js:2:555976)
	at c.workerFunc (/home/lkvinh/.vscode-oss/extensions/ms-python.vscode-python-envs-1.28.0-universal/dist/extension.js:2:550424)
	at o.workFunc (/home/lkvinh/.vscode-oss/extensions/ms-python.vscode-python-envs-1.28.0-universal/dist/extension.js:2:292774)
	at o.start (/home/lkvinh/.vscode-oss/extensions/ms-python.vscode-python-envs-1.28.0-universal/dist/extension.js:2:291589)]
2026-04-19 16:41:29.057 [info] Refreshing poetry environments
2026-04-19 16:41:29.058 [error] Poetry lazy initialization failed [Error: Python Environment Tools (PET) failed after 3 restart attempts. Please reload the window or check the output channel for details. To debug, run "Python Environments: Run Python Environment Tool (PET) in Terminal" from the Command Palette.
	at T.ensureProcessRunning (/home/lkvinh/.vscode-oss/extensions/ms-python.vscode-python-envs-1.28.0-universal/dist/extension.js:2:551199)
	at T.doRefreshAttempt (/home/lkvinh/.vscode-oss/extensions/ms-python.vscode-python-envs-1.28.0-universal/dist/extension.js:2:556419)
	at T.doRefresh (/home/lkvinh/.vscode-oss/extensions/ms-python.vscode-python-envs-1.28.0-universal/dist/extension.js:2:555976)
	at c.workerFunc (/home/lkvinh/.vscode-oss/extensions/ms-python.vscode-python-envs-1.28.0-universal/dist/extension.js:2:550424)
	at o.workFunc (/home/lkvinh/.vscode-oss/extensions/ms-python.vscode-python-envs-1.28.0-universal/dist/extension.js:2:292774)
	at o.start (/home/lkvinh/.vscode-oss/extensions/ms-python.vscode-python-envs-1.28.0-universal/dist/extension.js:2:291589)]
2026-04-19 16:41:29.058 [warning] No Python environments were found. Try running "Python Environments: Run Python Environment Tool (PET) in Terminal..." from the Command Palette to diagnose. If environments should be detected, please report this: https://github.com/microsoft/vscode-python-environments/issues/new
