2026-04-19 16:22:32.252 [info] Started local extension host with pid 8468.
2026-04-19 16:22:32.332 [info] Started initializing default profile extensions in extensions installation folder. file:///home/lkvinh/.vscode-oss/extensions
2026-04-19 16:22:32.617 [info] Completed initializing default profile extensions in extensions installation folder. file:///home/lkvinh/.vscode-oss/extensions
2026-04-19 16:22:35.463 [info] [perf] Render performance baseline is 25ms
2026-04-19 16:23:14.840 [info] Started local extension host with pid 9468.
2026-04-19 16:23:17.468 [info] [perf] Render performance baseline is 24ms
2026-04-19 16:39:51.286 [error] Extension 'ms-python.vscode-python-envs CANNOT USE these API proposals 'terminalShellEnv, terminalDataWriteEvent, taskExecutionTerminal'. You MUST start in extension development mode or use the --enable-proposed-api command line flag
2026-04-19 16:39:51.286 [error] Extension 'ms-python.debugpy CANNOT USE these API proposals 'portsAttributes, debugVisualization, contribViewsWelcome'. You MUST start in extension development mode or use the --enable-proposed-api command line flag
2026-04-19 16:39:51.286 [error] Extension 'ms-python.python CANNOT USE these API proposals 'contribEditorContentMenu, quickPickSortByLabel, testObserver, quickPickItemTooltip, terminalDataWriteEvent, terminalExecuteCommandEvent, codeActionAI, notebookReplDocument, notebookVariableProvider'. You MUST start in extension development mode or use the --enable-proposed-api command line flag
2026-04-19 16:40:49.791 [error] An unknown error occurred. Please consult the log for more details.
2026-04-19 16:41:07.458 [error] TreeError [DebugRepl] Tree input not set: Error: TreeError [DebugRepl] Tree input not set
    at rp._updateChildren (vscode-file://vscode-app/usr/lib/code/out/vs/workbench/workbench.desktop.main.js:861:33763)
    at rp.updateChildren (vscode-file://vscode-app/usr/lib/code/out/vs/workbench/workbench.desktop.main.js:861:33440)
    at YSe.value (vscode-file://vscode-app/usr/lib/code/out/vs/workbench/workbench.desktop.main.js:3639:39866)
    at E._deliver (vscode-file://vscode-app/usr/lib/code/out/vs/workbench/workbench.desktop.main.js:405:3066)
    at E._deliverQueue (vscode-file://vscode-app/usr/lib/code/out/vs/workbench/workbench.desktop.main.js:405:3155)
    at E.fire (vscode-file://vscode-app/usr/lib/code/out/vs/workbench/workbench.desktop.main.js:405:3490)
    at TU.setVisible (vscode-file://vscode-app/usr/lib/code/out/vs/workbench/workbench.desktop.main.js:1009:3636)
    at vscode-file://vscode-app/usr/lib/code/out/vs/workbench/workbench.desktop.main.js:1031:17308
    at Array.map (<anonymous>)
    at Dc.setVisible (vscode-file://vscode-app/usr/lib/code/out/vs/workbench/workbench.desktop.main.js:1031:17299)
    at n.setVisible (vscode-file://vscode-app/usr/lib/code/out/vs/workbench/workbench.desktop.main.js:1177:8008)
    at G2.showComposite (vscode-file://vscode-app/usr/lib/code/out/vs/workbench/workbench.desktop.main.js:1301:133986)
    at G2.showComposite (vscode-file://vscode-app/usr/lib/code/out/vs/workbench/workbench.desktop.main.js:1308:10768)
    at G2.doOpenComposite (vscode-file://vscode-app/usr/lib/code/out/vs/workbench/workbench.desktop.main.js:1301:132061)
    at G2.openComposite (vscode-file://vscode-app/usr/lib/code/out/vs/workbench/workbench.desktop.main.js:1301:131634)
    at G2.doOpenPaneComposite (vscode-file://vscode-app/usr/lib/code/out/vs/workbench/workbench.desktop.main.js:1308:17644)
    at G2.openPaneComposite (vscode-file://vscode-app/usr/lib/code/out/vs/workbench/workbench.desktop.main.js:1308:17211)
    at dee.run (vscode-file://vscode-app/usr/lib/code/out/vs/workbench/workbench.desktop.main.js:1308:8527)
    at rs.runAction (vscode-file://vscode-app/usr/lib/code/out/vs/workbench/workbench.desktop.main.js:411:30834)
    at rs.run (vscode-file://vscode-app/usr/lib/code/out/vs/workbench/workbench.desktop.main.js:411:30737)
    at nLe.onClick (vscode-file://vscode-app/usr/lib/code/out/vs/workbench/workbench.desktop.main.js:849:17488)
    at HTMLLIElement.<anonymous> (vscode-file://vscode-app/usr/lib/code/out/vs/workbench/workbench.desktop.main.js:849:17175)
2026-04-19 16:41:16.417 [error] An unknown error occurred. Please consult the log for more details.
